0 info it worked if it ends with ok
1 verbose cli [ '/usr/bin/nodejs', '/usr/bin/npm', 'start' ]
2 info using npm@3.10.3
3 info using node@v6.5.0
4 verbose run-script [ 'prestart', 'start', 'poststart' ]
5 info lifecycle base1@0.0.1~prestart: base1@0.0.1
6 silly lifecycle base1@0.0.1~prestart: no script for prestart, continuing
7 info lifecycle base1@0.0.1~start: base1@0.0.1
8 verbose lifecycle base1@0.0.1~start: unsafe-perm in lifecycle true
9 verbose lifecycle base1@0.0.1~start: PATH: /usr/lib/node_modules/npm/bin/node-gyp-bin:/home/r2/WebstormProjects/angular-fullstack(grunt version)/node_modules/.bin:/usr/bin:/usr/local/heroku/bin:/usr/local/sbin:/usr/local/bin:/usr/sbin:/usr/bin:/sbin:/bin:/usr/games:/usr/local/games
10 verbose lifecycle base1@0.0.1~start: CWD: /home/r2/WebstormProjects/angular-fullstack(grunt version)
11 silly lifecycle base1@0.0.1~start: Args: [ '-c', 'NODE_ENV=production node server/app.js' ]
12 silly lifecycle base1@0.0.1~start: Returned: code: 1  signal: null
13 info lifecycle base1@0.0.1~start: Failed to exec start script
14 verbose stack Error: base1@0.0.1 start: `NODE_ENV=production node server/app.js`
14 verbose stack Exit status 1
14 verbose stack     at EventEmitter.<anonymous> (/usr/lib/node_modules/npm/lib/utils/lifecycle.js:242:16)
14 verbose stack     at emitTwo (events.js:106:13)
14 verbose stack     at EventEmitter.emit (events.js:191:7)
14 verbose stack     at ChildProcess.<anonymous> (/usr/lib/node_modules/npm/lib/utils/spawn.js:40:14)
14 verbose stack     at emitTwo (events.js:106:13)
14 verbose stack     at ChildProcess.emit (events.js:191:7)
14 verbose stack     at maybeClose (internal/child_process.js:877:16)
14 verbose stack     at Process.ChildProcess._handle.onexit (internal/child_process.js:226:5)
15 verbose pkgid base1@0.0.1
16 verbose cwd /home/r2/WebstormProjects/angular-fullstack(grunt version)
17 error Linux 3.19.0-68-generic
18 error argv "/usr/bin/nodejs" "/usr/bin/npm" "start"
19 error node v6.5.0
20 error npm  v3.10.3
21 error code ELIFECYCLE
22 error base1@0.0.1 start: `NODE_ENV=production node server/app.js`
22 error Exit status 1
23 error Failed at the base1@0.0.1 start script 'NODE_ENV=production node server/app.js'.
23 error Make sure you have the latest version of node.js and npm installed.
23 error If you do, this is most likely a problem with the base1 package,
23 error not with npm itself.
23 error Tell the author that this fails on your system:
23 error     NODE_ENV=production node server/app.js
23 error You can get information on how to open an issue for this project with:
23 error     npm bugs base1
23 error Or if that isn't available, you can get their info via:
23 error     npm owner ls base1
23 error There is likely additional logging output above.
24 verbose exit [ 1, true ]
